  [1m[36m (21.0ms)[0m  [1mCREATE TABLE "songs" ("id" INTEGER PRIMARY KEY AUTOINCREMENT NOT NULL) [0m
  [1m[35m (4.0ms)[0m  ALTER TABLE "songs" ADD "name" varchar
  [1m[36m (39.0ms)[0m  [1mALTER TABLE "songs" ADD "year_released" varchar[0m
  [1m[35m (4.0ms)[0m  ALTER TABLE "songs" ADD "artist_id" integer
  [1m[36m (40.0ms)[0m  [1mselect sqlite_version(*)[0m
  [1m[35m (4.0ms)[0m  CREATE  INDEX "index_songs_on_artist_id" ON "songs" ("artist_id")
  [1m[36m (4.0ms)[0m  [1mCREATE TABLE "artists" ("id" INTEGER PRIMARY KEY AUTOINCREMENT NOT NULL) [0m
  [1m[35m (3.0ms)[0m  ALTER TABLE "artists" ADD "name" varchar
  [1m[36m (4.0ms)[0m  [1mALTER TABLE "artists" ADD "song" varchar[0m
  [1m[35m (4.0ms)[0m  ALTER TABLE "artists" ADD "song_id" integer
  [1m[36m (4.0ms)[0m  [1mCREATE  INDEX "index_artists_on_song_id" ON "artists" ("song_id")[0m
  [1m[35m (48.0ms)[0m  CREATE TABLE "users" ("id" INTEGER PRIMARY KEY AUTOINCREMENT NOT NULL) 
  [1m[36m (4.0ms)[0m  [1mALTER TABLE "users" ADD "email" varchar[0m
  [1m[35m (3.0ms)[0m  ALTER TABLE "users" ADD "password" varchar
  [1m[36m (4.0ms)[0m  [1mALTER TABLE "users" ADD "name" varchar[0m
  [1m[35m (4.0ms)[0m  ALTER TABLE "users" ADD "zip_code" integer
  [1m[36m (5.0ms)[0m  [1mCREATE TABLE "questions" ("id" INTEGER PRIMARY KEY AUTOINCREMENT NOT NULL) [0m
  [1m[35m (4.0ms)[0m  ALTER TABLE "questions" ADD "text" varchar
  [1m[36m (5.0ms)[0m  [1mALTER TABLE "questions" ADD "song_id" integer[0m
  [1m[35m (4.0ms)[0m  CREATE  INDEX "index_questions_on_song_id" ON "questions" ("song_id")
  [1m[36m (5.0ms)[0m  [1mALTER TABLE "questions" ADD "artist_id" integer[0m
  [1m[35m (0.0ms)[0m              SELECT sql
            FROM sqlite_master
            WHERE name='index_questions_on_song_id' AND type='index'
            UNION ALL
            SELECT sql
            FROM sqlite_temp_master
            WHERE name='index_questions_on_song_id' AND type='index'

  [1m[36m (4.0ms)[0m  [1mCREATE  INDEX "index_questions_on_artist_id" ON "questions" ("artist_id")[0m
  [1m[35m (4.0ms)[0m  CREATE TABLE "choices" ("id" INTEGER PRIMARY KEY AUTOINCREMENT NOT NULL) 
  [1m[36m (5.0ms)[0m  [1mALTER TABLE "choices" ADD "question_id" integer[0m
  [1m[35m (4.0ms)[0m  CREATE  INDEX "index_choices_on_question_id" ON "choices" ("question_id")
  [1m[36m (4.0ms)[0m  [1mALTER TABLE "choices" ADD "song_id" integer[0m
  [1m[35m (0.0ms)[0m              SELECT sql
            FROM sqlite_master
            WHERE name='index_choices_on_question_id' AND type='index'
            UNION ALL
            SELECT sql
            FROM sqlite_temp_master
            WHERE name='index_choices_on_question_id' AND type='index'

  [1m[36m (4.0ms)[0m  [1mCREATE  INDEX "index_choices_on_song_id" ON "choices" ("song_id")[0m
  [1m[35m (4.0ms)[0m  ALTER TABLE "choices" ADD "text" varchar
  [1m[36m (5.0ms)[0m  [1mCREATE TABLE "answers" ("id" INTEGER PRIMARY KEY AUTOINCREMENT NOT NULL) [0m
  [1m[35m (55.0ms)[0m  ALTER TABLE "answers" ADD "question_id" integer
  [1m[36m (5.0ms)[0m  [1mCREATE  INDEX "index_answers_on_question_id" ON "answers" ("question_id")[0m
  [1m[35m (39.0ms)[0m  ALTER TABLE "answers" ADD "choice_id" integer
  [1m[36m (0.0ms)[0m  [1m            SELECT sql
            FROM sqlite_master
            WHERE name='index_answers_on_question_id' AND type='index'
            UNION ALL
            SELECT sql
            FROM sqlite_temp_master
            WHERE name='index_answers_on_question_id' AND type='index'
[0m
  [1m[35m (4.0ms)[0m  CREATE  INDEX "index_answers_on_choice_id" ON "answers" ("choice_id")
  [1m[36m (3.0ms)[0m  [1mALTER TABLE "answers" ADD "song_id" integer[0m
  [1m[35m (0.0ms)[0m              SELECT sql
            FROM sqlite_master
            WHERE name='index_answers_on_choice_id' AND type='index'
            UNION ALL
            SELECT sql
            FROM sqlite_temp_master
            WHERE name='index_answers_on_choice_id' AND type='index'

  [1m[36m (0.0ms)[0m  [1m            SELECT sql
            FROM sqlite_master
            WHERE name='index_answers_on_question_id' AND type='index'
            UNION ALL
            SELECT sql
            FROM sqlite_temp_master
            WHERE name='index_answers_on_question_id' AND type='index'
[0m
  [1m[35m (3.0ms)[0m  CREATE  INDEX "index_answers_on_song_id" ON "answers" ("song_id")
  [1m[36m (4.0ms)[0m  [1mCREATE TABLE "reviews" ("id" INTEGER PRIMARY KEY AUTOINCREMENT NOT NULL) [0m
  [1m[35m (4.0ms)[0m  ALTER TABLE "reviews" ADD "song_id" integer
  [1m[36m (6.0ms)[0m  [1mCREATE  INDEX "index_reviews_on_song_id" ON "reviews" ("song_id")[0m
  [1m[35m (4.0ms)[0m  ALTER TABLE "reviews" ADD "user_id" integer
  [1m[36m (0.0ms)[0m  [1m            SELECT sql
            FROM sqlite_master
            WHERE name='index_reviews_on_song_id' AND type='index'
            UNION ALL
            SELECT sql
            FROM sqlite_temp_master
            WHERE name='index_reviews_on_song_id' AND type='index'
[0m
  [1m[35m (4.0ms)[0m  CREATE  INDEX "index_reviews_on_user_id" ON "reviews" ("user_id")
  [1m[36m (4.0ms)[0m  [1mALTER TABLE "reviews" ADD "rating" integer[0m
  [1m[35m (4.0ms)[0m  ALTER TABLE "reviews" ADD "body" text
  [1m[36m (0.0ms)[0m  [1m            SELECT sql
            FROM sqlite_master
            WHERE name='index_answers_on_song_id' AND type='index'
            UNION ALL
            SELECT sql
            FROM sqlite_temp_master
            WHERE name='index_answers_on_song_id' AND type='index'
[0m
  [1m[35m (0.0ms)[0m              SELECT sql
            FROM sqlite_master
            WHERE name='index_answers_on_choice_id' AND type='index'
            UNION ALL
            SELECT sql
            FROM sqlite_temp_master
            WHERE name='index_answers_on_choice_id' AND type='index'

  [1m[36m (0.0ms)[0m  [1m            SELECT sql
            FROM sqlite_master
            WHERE name='index_answers_on_question_id' AND type='index'
            UNION ALL
            SELECT sql
            FROM sqlite_temp_master
            WHERE name='index_answers_on_question_id' AND type='index'
[0m
  [1m[35m (0.0ms)[0m              SELECT sql
            FROM sqlite_master
            WHERE name='index_artists_on_song_id' AND type='index'
            UNION ALL
            SELECT sql
            FROM sqlite_temp_master
            WHERE name='index_artists_on_song_id' AND type='index'

  [1m[36m (0.0ms)[0m  [1m            SELECT sql
            FROM sqlite_master
            WHERE name='index_choices_on_song_id' AND type='index'
            UNION ALL
            SELECT sql
            FROM sqlite_temp_master
            WHERE name='index_choices_on_song_id' AND type='index'
[0m
  [1m[35m (1.0ms)[0m              SELECT sql
            FROM sqlite_master
            WHERE name='index_choices_on_question_id' AND type='index'
            UNION ALL
            SELECT sql
            FROM sqlite_temp_master
            WHERE name='index_choices_on_question_id' AND type='index'

  [1m[36m (0.0ms)[0m  [1m            SELECT sql
            FROM sqlite_master
            WHERE name='index_questions_on_artist_id' AND type='index'
            UNION ALL
            SELECT sql
            FROM sqlite_temp_master
            WHERE name='index_questions_on_artist_id' AND type='index'
[0m
  [1m[35m (0.0ms)[0m              SELECT sql
            FROM sqlite_master
            WHERE name='index_questions_on_song_id' AND type='index'
            UNION ALL
            SELECT sql
            FROM sqlite_temp_master
            WHERE name='index_questions_on_song_id' AND type='index'

  [1m[36m (0.0ms)[0m  [1m            SELECT sql
            FROM sqlite_master
            WHERE name='index_reviews_on_user_id' AND type='index'
            UNION ALL
            SELECT sql
            FROM sqlite_temp_master
            WHERE name='index_reviews_on_user_id' AND type='index'
[0m
  [1m[35m (0.0ms)[0m              SELECT sql
            FROM sqlite_master
            WHERE name='index_reviews_on_song_id' AND type='index'
            UNION ALL
            SELECT sql
            FROM sqlite_temp_master
            WHERE name='index_reviews_on_song_id' AND type='index'

  [1m[36m (0.0ms)[0m  [1m            SELECT sql
            FROM sqlite_master
            WHERE name='index_songs_on_artist_id' AND type='index'
            UNION ALL
            SELECT sql
            FROM sqlite_temp_master
            WHERE name='index_songs_on_artist_id' AND type='index'
[0m
  [1m[35m (5.0ms)[0m  CREATE TABLE "schema_migrations" ("version" varchar NOT NULL) 
  [1m[36m (4.0ms)[0m  [1mCREATE UNIQUE INDEX "unique_schema_migrations" ON "schema_migrations" ("version")[0m
  [1m[35mActiveRecord::SchemaMigration Load (1.0ms)[0m  SELECT "schema_migrations".* FROM "schema_migrations"
  [1m[36m (1.0ms)[0m  [1m            SELECT sql
            FROM sqlite_master
            WHERE name='index_answers_on_song_id' AND type='index'
            UNION ALL
            SELECT sql
            FROM sqlite_temp_master
            WHERE name='index_answers_on_song_id' AND type='index'
[0m
  [1m[35m (0.0ms)[0m              SELECT sql
            FROM sqlite_master
            WHERE name='index_answers_on_choice_id' AND type='index'
            UNION ALL
            SELECT sql
            FROM sqlite_temp_master
            WHERE name='index_answers_on_choice_id' AND type='index'

  [1m[36m (0.0ms)[0m  [1m            SELECT sql
            FROM sqlite_master
            WHERE name='index_answers_on_question_id' AND type='index'
            UNION ALL
            SELECT sql
            FROM sqlite_temp_master
            WHERE name='index_answers_on_question_id' AND type='index'
[0m
  [1m[35m (0.0ms)[0m              SELECT sql
            FROM sqlite_master
            WHERE name='index_artists_on_song_id' AND type='index'
            UNION ALL
            SELECT sql
            FROM sqlite_temp_master
            WHERE name='index_artists_on_song_id' AND type='index'

  [1m[36m (1.0ms)[0m  [1m            SELECT sql
            FROM sqlite_master
            WHERE name='index_choices_on_song_id' AND type='index'
            UNION ALL
            SELECT sql
            FROM sqlite_temp_master
            WHERE name='index_choices_on_song_id' AND type='index'
[0m
  [1m[35m (0.0ms)[0m              SELECT sql
            FROM sqlite_master
            WHERE name='index_choices_on_question_id' AND type='index'
            UNION ALL
            SELECT sql
            FROM sqlite_temp_master
            WHERE name='index_choices_on_question_id' AND type='index'

  [1m[36m (0.0ms)[0m  [1m            SELECT sql
            FROM sqlite_master
            WHERE name='index_questions_on_artist_id' AND type='index'
            UNION ALL
            SELECT sql
            FROM sqlite_temp_master
            WHERE name='index_questions_on_artist_id' AND type='index'
[0m
  [1m[35m (0.0ms)[0m              SELECT sql
            FROM sqlite_master
            WHERE name='index_questions_on_song_id' AND type='index'
            UNION ALL
            SELECT sql
            FROM sqlite_temp_master
            WHERE name='index_questions_on_song_id' AND type='index'

  [1m[36m (0.0ms)[0m  [1m            SELECT sql
            FROM sqlite_master
            WHERE name='index_reviews_on_user_id' AND type='index'
            UNION ALL
            SELECT sql
            FROM sqlite_temp_master
            WHERE name='index_reviews_on_user_id' AND type='index'
[0m
  [1m[35m (0.0ms)[0m              SELECT sql
            FROM sqlite_master
            WHERE name='index_reviews_on_song_id' AND type='index'
            UNION ALL
            SELECT sql
            FROM sqlite_temp_master
            WHERE name='index_reviews_on_song_id' AND type='index'

  [1m[36m (0.0ms)[0m  [1m            SELECT sql
            FROM sqlite_master
            WHERE name='index_songs_on_artist_id' AND type='index'
            UNION ALL
            SELECT sql
            FROM sqlite_temp_master
            WHERE name='index_songs_on_artist_id' AND type='index'
[0m
  [1m[36mActiveRecord::SchemaMigration Load (0.0ms)[0m  [1mSELECT "schema_migrations".* FROM "schema_migrations"[0m
  [1m[35mSQL (5.0ms)[0m  DELETE FROM "songs"
  [1m[36mSQL (3.0ms)[0m  [1mDELETE FROM "artists"[0m
  [1m[35mSQL (4.0ms)[0m  DELETE FROM "questions"
  [1m[36m (0.0ms)[0m  [1mbegin transaction[0m
  [1m[35mSQL (1.0ms)[0m  INSERT INTO "songs" ("name", "year_released") VALUES (?, ?)  [["name", "Alone"], ["year_released", "2008"]]
  [1m[36m (35.0ms)[0m  [1mcommit transaction[0m
  [1m[35m (0.0ms)[0m  begin transaction
  [1m[36mSQL (1.0ms)[0m  [1mINSERT INTO "songs" ("name", "year_released") VALUES (?, ?)[0m  [["name", "Go Get on the Floor - Extended Club Remix"], ["year_released", "2010"]]
  [1m[35m (4.0ms)[0m  commit transaction
  [1m[36m (0.0ms)[0m  [1mbegin transaction[0m
  [1m[35mSQL (0.0ms)[0m  INSERT INTO "songs" ("name", "year_released") VALUES (?, ?)  [["name", "You Should Know"], ["year_released", "2008"]]
  [1m[36m (3.0ms)[0m  [1mcommit transaction[0m
  [1m[35m (0.0ms)[0m  begin transaction
  [1m[36mSQL (1.0ms)[0m  [1mINSERT INTO "songs" ("name", "year_released") VALUES (?, ?)[0m  [["name", "She Don't Have to Know"], ["year_released", "2009"]]
  [1m[35m (31.0ms)[0m  commit transaction
  [1m[36m (0.0ms)[0m  [1mbegin transaction[0m
  [1m[35mSQL (0.0ms)[0m  INSERT INTO "songs" ("name", "year_released") VALUES (?, ?)  [["name", "Dangerously In Love Part 2"], ["year_released", "2009"]]
  [1m[36m (3.0ms)[0m  [1mcommit transaction[0m
  [1m[35m (0.0ms)[0m  begin transaction
  [1m[36mSQL (1.0ms)[0m  [1mINSERT INTO "artists" ("name") VALUES (?)[0m  [["name", "Glenton Davis"]]
  [1m[35m (4.0ms)[0m  commit transaction
  [1m[36m (0.0ms)[0m  [1mbegin transaction[0m
  [1m[35mSQL (1.0ms)[0m  INSERT INTO "artists" ("name") VALUES (?)  [["name", "MediaSoulPop"]]
  [1m[36m (50.0ms)[0m  [1mcommit transaction[0m
  [1m[35m (0.0ms)[0m  begin transaction
  [1m[36mSQL (1.0ms)[0m  [1mINSERT INTO "questions" ("text", "song_id", "artist_id") VALUES (?, ?, ?)[0m  [["text", "How would you describe this artist's voice?"], ["song_id", 5], ["artist_id", 1]]
  [1m[35m (3.0ms)[0m  commit transaction
  [1m[36m (0.0ms)[0m  [1mbegin transaction[0m
  [1m[35mSQL (0.0ms)[0m  INSERT INTO "questions" ("text", "song_id", "artist_id") VALUES (?, ?, ?)  [["text", "Is it interesting to you that the artist wrote this during a difficult time he experienced at Yale?"], ["song_id", 1], ["artist_id", 1]]
  [1m[36m (3.0ms)[0m  [1mcommit transaction[0m
  [1m[35m (0.0ms)[0m  begin transaction
  [1m[36mSQL (1.0ms)[0m  [1mINSERT INTO "questions" ("text", "song_id", "artist_id") VALUES (?, ?, ?)[0m  [["text", "What would make you like this song more?"], ["song_id", 5], ["artist_id", 1]]
  [1m[35m (4.0ms)[0m  commit transaction
  [1m[36m (1.0ms)[0m  [1mbegin transaction[0m
  [1m[35mSQL (1.0ms)[0m  INSERT INTO "questions" ("text", "song_id", "artist_id") VALUES (?, ?, ?)  [["text", "How did you ultimately consume this song?"], ["song_id", 5], ["artist_id", 1]]
  [1m[36m (4.0ms)[0m  [1mcommit transaction[0m
  [1m[35m (0.0ms)[0m  begin transaction
  [1m[36mSQL (1.0ms)[0m  [1mINSERT INTO "questions" ("text", "song_id", "artist_id") VALUES (?, ?, ?)[0m  [["text", "Is it interesting to you that the artist wrote this song about a molecular reaction he mixed in a Chemistry class?"], ["song_id", 2], ["artist_id", 1]]
  [1m[35m (4.0ms)[0m  commit transaction
  [1m[36m (1.0ms)[0m  [1mbegin transaction[0m
  [1m[35mSQL (1.0ms)[0m  INSERT INTO "questions" ("text", "song_id", "artist_id") VALUES (?, ?, ?)  [["text", "Is it interesting to you that the artist founded an arts education nonprofit while on tour in 2010?"], ["song_id", 3], ["artist_id", 1]]
  [1m[36m (5.0ms)[0m  [1mcommit transaction[0m
  [1m[35m (0.0ms)[0m  begin transaction
  [1m[36mSQL (1.0ms)[0m  [1mINSERT INTO "questions" ("text", "song_id", "artist_id") VALUES (?, ?, ?)[0m  [["text", "Is it interesting to you that the artist credits fellow Ivy-Leaguer John Legend as a creative influence?"], ["song_id", 4], ["artist_id", 1]]
  [1m[35m (5.0ms)[0m  commit transaction
  [1m[36m (0.0ms)[0m  [1mbegin transaction[0m
  [1m[35mSQL (1.0ms)[0m  INSERT INTO "questions" ("text", "song_id", "artist_id") VALUES (?, ?, ?)  [["text", "Is it interesting to you that the artist re-arrangned this Beyonce hit to reflect his jazz training?"], ["song_id", 5], ["artist_id", 1]]
  [1m[36m (4.0ms)[0m  [1mcommit transaction[0m


Started GET "/songs" for ::1 at 2015-02-27 14:53:22 -0600
Processing by SongsController#index as HTML
  [1m[36mSong Load (4.0ms)[0m  [1mSELECT "songs".* FROM "songs"[0m
  Rendered songs/index.html.erb within layouts/application (33.0ms)
Completed 200 OK in 268ms (Views: 138.0ms | ActiveRecord: 4.0ms)


Started GET "/assets/application-5266d2988799ecc8fe6e81eaab412e7d.css?body=1" for ::1 at 2015-02-27 14:53:22 -0600


Started GET "/songs" for ::1 at 2015-02-27 17:03:19 -0600
Processing by SongsController#index as HTML
  [1m[36mSong Load (111.0ms)[0m  [1mSELECT "songs".* FROM "songs"[0m
  Rendered songs/index.html.erb within layouts/application (152.0ms)
Completed 200 OK in 361ms (Views: 136.0ms | ActiveRecord: 112.0ms)


Started GET "/assets/application-5266d2988799ecc8fe6e81eaab412e7d.css?body=1" for ::1 at 2015-02-27 17:03:20 -0600


Started GET "/songs/new" for ::1 at 2015-02-27 17:03:24 -0600
Processing by SongsController#new as HTML
  [1m[35mArtist Load (0.0ms)[0m  SELECT "artists".* FROM "artists"  ORDER BY "artists"."name" ASC
  Rendered songs/new.html.erb within layouts/application (272.0ms)
Completed 200 OK in 290ms (Views: 290.0ms | ActiveRecord: 0.0ms)


Started GET "/assets/application-5266d2988799ecc8fe6e81eaab412e7d.css?body=1" for ::1 at 2015-02-27 17:03:24 -0600


Started GET "/songs/2" for ::1 at 2015-02-27 17:03:27 -0600
Processing by SongsController#show as HTML
  Parameters: {"id"=>"2"}
  [1m[36mSong Load (1.0ms)[0m  [1mSELECT  "songs".* FROM "songs" WHERE "songs"."id" = ? LIMIT 1[0m  [["id", 2]]
  Rendered songs/show.html.erb within layouts/application (0.0ms)
Completed 200 OK in 102ms (Views: 17.0ms | ActiveRecord: 1.0ms)


Started GET "/assets/application-5266d2988799ecc8fe6e81eaab412e7d.css?body=1" for ::1 at 2015-02-27 17:03:27 -0600
